\BOOKMARK [1][-]{section.1}{\376\377\000E\000I\000N\000L\000E\000I\000T\000U\000N\000G}{}% 1
\BOOKMARK [1][-]{section.2}{\376\377\000G\000R\000U\000N\000D\000L\000A\000G\000E\000N\000\040\000D\000E\000R\000\040\000N\000E\000U\000T\000R\000I\000N\000O\000-\000P\000H\000Y\000S\000I\000K}{}% 2
\BOOKMARK [2][-]{subsection.2.1}{\376\377\000\334\000b\000e\000r\000\040\000e\000i\000n\000\040\000T\000e\000i\000l\000c\000h\000e\000n\000,\000\040\000d\000a\000s\000\040\000e\000s\000\040\000n\000i\000c\000h\000t\000\040\000g\000i\000b\000t}{section.2}% 3
\BOOKMARK [2][-]{subsection.2.2}{\376\377\000D\000i\000e\000\040\000g\000e\000h\000e\000i\000m\000e\000n\000\040\000F\000a\000c\000e\000t\000t\000e\000n\000\040\000d\000e\000s\000\040\000N\000e\000u\000t\000r\000i\000n\000o\000s}{section.2}% 4
\BOOKMARK [3][-]{subsubsection.2.2.1}{\376\377\000E\000r\000s\000t\000\040\000e\000i\000n\000s\000,\000\040\000d\000a\000n\000n\000\040\000z\000w\000e\000i\000,\000\040\000d\000a\000n\000n\000\040\000d\000r\000e\000i}{subsection.2.2}% 5
\BOOKMARK [3][-]{subsubsection.2.2.2}{\376\377\000\334\000b\000e\000r\000\040\000e\000i\000n\000\040\000s\000c\000h\000w\000i\000e\000r\000i\000g\000e\000s\000\040\000P\000r\000o\000b\000l\000e\000m}{subsection.2.2}% 6
\BOOKMARK [3][-]{subsubsection.2.2.3}{\376\377\000G\000e\000s\000c\000h\000m\000\344\000c\000k\000e\000r\000\040\000s\000i\000n\000d\000\040\000v\000e\000r\000s\000c\000h\000i\000e\000d\000e\000n\000\040\040\023\000\040\000o\000d\000e\000r\000?}{subsection.2.2}% 7
\BOOKMARK [3][-]{subsubsection.2.2.4}{\376\377\000D\000i\000r\000a\000c\000-\000N\000e\000u\000t\000r\000i\000n\000o\000s}{subsection.2.2}% 8
\BOOKMARK [3][-]{subsubsection.2.2.5}{\376\377\000M\000a\000j\000o\000r\000a\000n\000a\000-\000N\000e\000u\000t\000r\000i\000n\000o\000s}{subsection.2.2}% 9
\BOOKMARK [2][-]{subsection.2.3}{\376\377\000D\000e\000r\000\040\000B\000l\000i\000c\000k\000\040\000i\000n\000s\000\040\000U\000n\000i\000v\000e\000r\000s\000u\000m}{section.2}% 10
\BOOKMARK [2][-]{subsection.2.4}{\376\377\000D\000a\000s\000\040\000U\000n\000s\000i\000c\000h\000t\000b\000a\000r\000e\000\040\000s\000i\000c\000h\000t\000b\000a\000r\000\040\000m\000a\000c\000h\000e\000n}{section.2}% 11
\BOOKMARK [2][-]{subsection.2.5}{\376\377\000A\000u\000f\000\040\000d\000e\000n\000\040\000S\000p\000u\000r\000e\000n\000\040\000d\000e\000r\000\040\000T\000e\000i\000l\000c\000h\000e\000n\000n\000a\000c\000h\000w\000e\000i\000s\000e\000:\000\040\000E\000i\000n\000\040\000E\000x\000p\000e\000r\000i\000m\000e\000n\000t}{section.2}% 12
\BOOKMARK [3][-]{subsubsection.2.5.1}{\376\377\000Z\000i\000e\000l\000\040\000u\000n\000d\000\040\000p\000h\000y\000s\000i\000k\000a\000l\000i\000s\000c\000h\000e\000\040\000G\000r\000u\000n\000d\000l\000a\000g\000e\000n}{subsection.2.5}% 13
\BOOKMARK [3][-]{subsubsection.2.5.2}{\376\377\000V\000e\000r\000s\000u\000c\000h\000s\000a\000u\000f\000b\000a\000u}{subsection.2.5}% 14
\BOOKMARK [3][-]{subsubsection.2.5.3}{\376\377\000B\000e\000o\000b\000a\000c\000h\000t\000u\000n\000g\000e\000n}{subsection.2.5}% 15
\BOOKMARK [3][-]{subsubsection.2.5.4}{\376\377\000A\000u\000s\000w\000e\000r\000t\000u\000n\000g}{subsection.2.5}% 16
\BOOKMARK [1][-]{section.3}{\376\377\000D\000E\000R\000\040\000I\000C\000E\000C\000U\000B\000E\000\040\000N\000E\000U\000T\000R\000I\000N\000O\000-\000D\000E\000T\000E\000K\000T\000O\000R}{}% 17
\BOOKMARK [2][-]{subsection.3.1}{\376\377\000A\000u\000f\000b\000a\000u\000,\000\040\000L\000a\000g\000e\000\040\000u\000n\000d\000\040\000F\000u\000n\000k\000t\000i\000o\000n\000s\000w\000e\000i\000s\000e}{section.3}% 18
\BOOKMARK [2][-]{subsection.3.2}{\376\377\000W\000i\000s\000s\000e\000n\000s\000c\000h\000a\000f\000t\000l\000i\000c\000h\000e\000\040\000E\000r\000f\000o\000l\000g\000e}{section.3}% 19
\BOOKMARK [2][-]{subsection.3.3}{\376\377\000Z\000u\000k\000u\000n\000f\000t\000\040\000d\000e\000s\000\040\000I\000c\000e\000C\000u\000b\000e\000\040\000N\000e\000u\000t\000r\000i\000n\000o\000-\000D\000e\000t\000e\000k\000t\000o\000r\000s}{section.3}% 20
\BOOKMARK [1][-]{section.4}{\376\377\000F\000A\000Z\000I\000T}{}% 21
\BOOKMARK [1][-]{section.5}{\376\377\000A\000N\000H\000A\000N\000G}{}% 22
